<?xml version="1.0" encoding="UTF-8"?>
<!-- Generated by org.testng.reporters.JUnitReportReporter -->
<testsuite hostname="LAPTOP-047NKSTK" name="org.mma.training.selenium.NewTest" tests="1" failures="0" timestamp="29 Jun 2019 16:12:20 GMT" time="2.141" errors="0">
  <testcase name="testGooglePageTitleInIEBrowser" time="2.141" classname="org.mma.training.selenium.NewTest"/>
</testsuite> <!-- org.mma.training.selenium.NewTest -->
